<?xml version="1.0" encoding="UTF-8"?>
<!-- Generated by org.testng.reporters.JUnitReportReporter -->
<testsuite hostname="LAPTOP-V7EREVV8" failures="0" tests="1" name="com.tcs.tests.PHPTravelsTestCases_Admin" time="18.209" errors="0" timestamp="2022-11-01T20:47:56 IST" skipped="0">
  <testcase classname="com.tcs.tests.PHPTravelsTestCases_Admin" name="verifyWebsiteLink" time="18.209"/>
  <system-out/>
</testsuite> <!-- com.tcs.tests.PHPTravelsTestCases_Admin -->
