<?xml version="1.0" encoding="UTF-8"?>
<!-- Generated by org.testng.reporters.JUnitReportReporter -->
<testsuite hostname="LAPTOP-V7EREVV8" failures="0" tests="1" name="com.tcs.tests.PHPTravelsTest" time="9.191" errors="0" timestamp="2022-10-21T10:57:47 IST" skipped="0">
  <testcase classname="com.tcs.tests.PHPTravelsTest" name="verifyLoginWithValidEmailAndValidPasswordTC002" time="9.191"/>
  <system-out/>
</testsuite> <!-- com.tcs.tests.PHPTravelsTest -->
