<?xml version="1.0" encoding="UTF-8"?>
<!-- Generated by org.testng.reporters.JUnitReportReporter -->
<testsuite hostname="LAPTOP-V7EREVV8" failures="0" tests="1" name="com.tcs.tests.PHPTravelsTestCases_Supplier" time="8.453" errors="0" timestamp="2022-11-04T12:10:00 IST" skipped="0">
  <testcase classname="com.tcs.tests.PHPTravelsTestCases_Supplier" name="verifyBookingDisplay" time="8.453"/>
  <system-out/>
</testsuite> <!-- com.tcs.tests.PHPTravelsTestCases_Supplier -->
