<?xml version="1.0" encoding="UTF-8"?>
<!-- Generated by org.testng.reporters.JUnitReportReporter -->
<testsuite hostname="LAPTOP-V7EREVV8" failures="0" tests="14" name="com.tcs.tests.PHPTravelsTestCases_Admin" time="176.019" errors="0" timestamp="2022-11-04T11:48:35 IST" skipped="0">
  <testcase classname="com.tcs.tests.PHPTravelsTestCases_Admin" name="verifyLoginPageLaunch" time="6.016"/>
  <system-out/>
  <testcase classname="com.tcs.tests.PHPTravelsTestCases_Admin" name="verifyLoginWithInvalidEmailAndInvalidPassword" time="4.343"/>
  <system-out/>
  <testcase classname="com.tcs.tests.PHPTravelsTestCases_Admin" name="verifyLoginBlankEmail" time="7.024"/>
  <system-out/>
  <testcase classname="com.tcs.tests.PHPTravelsTestCases_Admin" name="verifyBlankEmailandPassword" time="6.390"/>
  <system-out/>
  <testcase classname="com.tcs.tests.PHPTravelsTestCases_Admin" name="verifyLoginBlankPassword" time="4.249"/>
  <system-out/>
  <testcase classname="com.tcs.tests.PHPTravelsTestCases_Admin" name="verifyLoginWithValidEmailAndInValidPassword" time="5.785"/>
  <system-out/>
  <testcase classname="com.tcs.tests.PHPTravelsTestCases_Admin" name="verifyLoginWithInValidEmailAndValidPassword" time="5.812"/>
  <system-out/>
  <testcase classname="com.tcs.tests.PHPTravelsTestCases_Admin" name="verifyRememberMeCheckbox" time="8.857"/>
  <system-out/>
  <testcase classname="com.tcs.tests.PHPTravelsTestCases_Admin" name="verifyLoginWithValidEmailAndValidPassword" time="5.313"/>
  <system-out/>
  <testcase classname="com.tcs.tests.PHPTravelsTestCases_Admin" name="verifyBookings" time="23.119"/>
  <system-out/>
  <testcase classname="com.tcs.tests.PHPTravelsTestCases_Admin" name="verifyBookingStatusUpdate" time="23.886"/>
  <system-out/>
  <testcase classname="com.tcs.tests.PHPTravelsTestCases_Admin" name="verifyDeleteCancelledRecord" time="20.499"/>
  <system-out/>
  <testcase classname="com.tcs.tests.PHPTravelsTestCases_Admin" name="verifyWebsiteLink" time="30.863"/>
  <system-out/>
  <testcase classname="com.tcs.tests.PHPTravelsTestCases_Admin" name="verifyBookingsPaymentSuccessfullInvoice" time="23.863"/>
  <system-out/>
</testsuite> <!-- com.tcs.tests.PHPTravelsTestCases_Admin -->
