<?xml version="1.0" encoding="UTF-8"?>
<!-- Generated by org.testng.reporters.JUnitReportReporter -->
<testsuite hostname="LAPTOP-V7EREVV8" failures="0" tests="20" name="com.tcs.tests.PHPTravelsTestCases_Agent" time="148.020" errors="2" timestamp="2022-11-02T12:23:06 IST" skipped="0">
  <testcase classname="com.tcs.tests.PHPTravelsTestCases_Agent" name="verifyLoginPageLaunch" time="3.003"/>
  <system-out/>
  <testcase classname="com.tcs.tests.PHPTravelsTestCases_Agent" name="verifyLoginWithInvalidEmailAndInvalidPassword" time="6.665"/>
  <system-out/>
  <testcase classname="com.tcs.tests.PHPTravelsTestCases_Agent" name="verifyLoginBlankEmail" time="8.519"/>
  <system-out/>
  <testcase classname="com.tcs.tests.PHPTravelsTestCases_Agent" name="verifyBlankEmailandPassword" time="5.516"/>
  <system-out/>
  <testcase classname="com.tcs.tests.PHPTravelsTestCases_Agent" name="verifyLoginBlankPassword" time="5.413"/>
  <system-out/>
  <testcase classname="com.tcs.tests.PHPTravelsTestCases_Agent" name="verifyLoginWithValidEmailAndInValidPassword" time="5.526"/>
  <system-out/>
  <testcase classname="com.tcs.tests.PHPTravelsTestCases_Agent" name="verifyLoginWithInValidEmailAndValidPassword" time="6.753"/>
  <system-out/>
  <testcase classname="com.tcs.tests.PHPTravelsTestCases_Agent" name="verifySignupButton" time="3.941">
    <error message="element click intercepted: Element &lt;a class=&quot;btn-lg d-flex align-items-center justify-content-center  btn btn-outline-primary btn-block form-group effect ladda-sm ladda-button waves-effect&quot; data-style=&quot;zoom-in&quot; href=&quot;https://phptravels.net/signup&quot;&gt;...&lt;/a&gt; is not clickable at point (513, 504). Other element would receive the click: &lt;div class=&quot;row mt-5 mb-5&quot;&gt;...&lt;/div&gt;
  (Session info: chrome=106.0.5249.121)
Build info: version: &#039;4.2.1&#039;, revision: &#039;ac4d0fdd4a&#039;
System info: host: &#039;LAPTOP-V7EREVV8&#039;, ip: &#039;192.168.29.221&#039;, os.name: &#039;Windows 11&#039;, os.arch: &#039;amd64&#039;, os.version: &#039;10.0&#039;, java.version: &#039;18.0.1&#039;
Driver info: org.openqa.selenium.chrome.ChromeDriver
Command: [dfa2896cbfde8ef41618fdec70a952b7, clickElement {id=0c9d7928-1661-4d0c-b56b-706770cde8dd}]
Capabilities {acceptInsecureCerts: false, browserName: chrome, browserVersion: 106.0.5249.121, chrome: {chromedriverVersion: 106.0.5249.61 (511755355844..., userDataDir: C:\Users\shrut\AppData\Loca...}, goog:chromeOptions: {debuggerAddress: localhost:54437}, networkConnectionEnabled: false, pageLoadStrategy: normal, platformName: WINDOWS, proxy: Proxy(), se:cdp: ws://localhost:54437/devtoo..., se:cdpVersion: 106.0.5249.121, setWindowRect: true, strictFileInteractability: false, timeouts: {implicit: 0, pageLoad: 300000, script: 30000}, unhandledPromptBehavior: dismiss and notify, webauthn:extension:credBlob: true, webauthn:extension:largeBlob: true, webauthn:virtualAuthenticators: true}
Element: [[ChromeDriver: chrome on WINDOWS (dfa2896cbfde8ef41618fdec70a952b7)] -&gt; xpath: /html/body/div[4]/div/div[2]/div[2]/div/form/div[3]/div/div/a]
Session ID: dfa2896cbfde8ef41618fdec70a952b7" type="org.openqa.selenium.ElementClickInterceptedException">
      <![CDATA[org.openqa.selenium.ElementClickInterceptedException: element click intercepted: Element <a class="btn-lg d-flex align-items-center justify-content-center  btn btn-outline-primary btn-block form-group effect ladda-sm ladda-button waves-effect" data-style="zoom-in" href="https://phptravels.net/signup">...</a> is not clickable at point (513, 504). Other element would receive the click: <div class="row mt-5 mb-5">...</div>
  (Session info: chrome=106.0.5249.121)
Build info: version: '4.2.1', revision: 'ac4d0fdd4a'
System info: host: 'LAPTOP-V7EREVV8', ip: '192.168.29.221', os.name: 'Windows 11', os.arch: 'amd64', os.version: '10.0', java.version: '18.0.1'
Driver info: org.openqa.selenium.chrome.ChromeDriver
Command: [dfa2896cbfde8ef41618fdec70a952b7, clickElement {id=0c9d7928-1661-4d0c-b56b-706770cde8dd}]
Capabilities {acceptInsecureCerts: false, browserName: chrome, browserVersion: 106.0.5249.121, chrome: {chromedriverVersion: 106.0.5249.61 (511755355844..., userDataDir: C:\Users\shrut\AppData\Loca...}, goog:chromeOptions: {debuggerAddress: localhost:54437}, networkConnectionEnabled: false, pageLoadStrategy: normal, platformName: WINDOWS, proxy: Proxy(), se:cdp: ws://localhost:54437/devtoo..., se:cdpVersion: 106.0.5249.121, setWindowRect: true, strictFileInteractability: false, timeouts: {implicit: 0, pageLoad: 300000, script: 30000}, unhandledPromptBehavior: dismiss and notify, webauthn:extension:credBlob: true, webauthn:extension:largeBlob: true, webauthn:virtualAuthenticators: true}
Element: [[ChromeDriver: chrome on WINDOWS (dfa2896cbfde8ef41618fdec70a952b7)] -> xpath: /html/body/div[4]/div/div[2]/div[2]/div/form/div[3]/div/div/a]
Session ID: dfa2896cbfde8ef41618fdec70a952b7
at java.base/jdk.internal.reflect.DirectConstructorHandleAccessor.newInstance(DirectConstructorHandleAccessor.java:67)
at java.base/java.lang.reflect.Constructor.newInstanceWithCaller(Constructor.java:499)
at java.base/java.lang.reflect.Constructor.newInstance(Constructor.java:483)
at org.openqa.selenium.remote.codec.w3c.W3CHttpResponseCodec.createException(W3CHttpResponseCodec.java:200)
at org.openqa.selenium.remote.codec.w3c.W3CHttpResponseCodec.decode(W3CHttpResponseCodec.java:133)
at org.openqa.selenium.remote.codec.w3c.W3CHttpResponseCodec.decode(W3CHttpResponseCodec.java:53)
at org.openqa.selenium.remote.HttpCommandExecutor.execute(HttpCommandExecutor.java:184)
at org.openqa.selenium.remote.service.DriverCommandExecutor.invokeExecute(DriverCommandExecutor.java:167)
at org.openqa.selenium.remote.service.DriverCommandExecutor.execute(DriverCommandExecutor.java:142)
at org.openqa.selenium.remote.RemoteWebDriver.execute(RemoteWebDriver.java:551)
at org.openqa.selenium.remote.RemoteWebElement.execute(RemoteWebElement.java:257)
at org.openqa.selenium.remote.RemoteWebElement.click(RemoteWebElement.java:78)
at java.base/jdk.internal.reflect.DirectMethodHandleAccessor.invoke(DirectMethodHandleAccessor.java:104)
at java.base/java.lang.reflect.Method.invoke(Method.java:577)
at org.openqa.selenium.support.pagefactory.internal.LocatingElementHandler.invoke(LocatingElementHandler.java:52)
at jdk.proxy2/jdk.proxy2.$Proxy16.click(Unknown Source)
at com.tcs.pages.AgentLoginPage.clickSignupbutton(AgentLoginPage.java:36)
at com.tcs.tests.PHPTravelsTestCases_Agent.verifySignupButton(PHPTravelsTestCases_Agent.java:119)
at java.base/jdk.internal.reflect.DirectMethodHandleAccessor.invoke(DirectMethodHandleAccessor.java:104)
at java.base/java.lang.reflect.Method.invoke(Method.java:577)
at org.testng.internal.MethodInvocationHelper.invokeMethod(MethodInvocationHelper.java:133)
at org.testng.internal.TestInvoker.invokeMethod(TestInvoker.java:598)
at org.testng.internal.TestInvoker.invokeTestMethod(TestInvoker.java:173)
at org.testng.internal.MethodRunner.runInSequence(MethodRunner.java:46)
at org.testng.internal.TestInvoker$MethodInvocationAgent.invoke(TestInvoker.java:824)
at org.testng.internal.TestInvoker.invokeTestMethods(TestInvoker.java:146)
at org.testng.internal.TestMethodWorker.invokeTestMethods(TestMethodWorker.java:146)
at org.testng.internal.TestMethodWorker.run(TestMethodWorker.java:128)
at java.base/java.util.ArrayList.forEach(ArrayList.java:1511)
at org.testng.TestRunner.privateRun(TestRunner.java:794)
at org.testng.TestRunner.run(TestRunner.java:596)
at org.testng.SuiteRunner.runTest(SuiteRunner.java:377)
at org.testng.SuiteRunner.runSequentially(SuiteRunner.java:371)
at org.testng.SuiteRunner.privateRun(SuiteRunner.java:332)
at org.testng.SuiteRunner.run(SuiteRunner.java:276)
at org.testng.SuiteRunnerWorker.runSuite(SuiteRunnerWorker.java:53)
at org.testng.SuiteRunnerWorker.run(SuiteRunnerWorker.java:96)
at org.testng.TestNG.runSuitesSequentially(TestNG.java:1212)
at org.testng.TestNG.runSuitesLocally(TestNG.java:1134)
at org.testng.TestNG.runSuites(TestNG.java:1063)
at org.testng.TestNG.run(TestNG.java:1031)
at org.testng.remote.AbstractRemoteTestNG.run(AbstractRemoteTestNG.java:115)
at org.testng.remote.RemoteTestNG.initAndRun(RemoteTestNG.java:251)
at org.testng.remote.RemoteTestNG.main(RemoteTestNG.java:77)
]]>
    </error>
  </testcase> <!-- verifySignupButton -->
  <system-out/>
  <testcase classname="com.tcs.tests.PHPTravelsTestCases_Agent" name="verifyRememberMeCheckbox" time="4.113">
    <error message="element click intercepted: Element &lt;label for=&quot;rememberchb&quot;&gt;...&lt;/label&gt; is not clickable at point (425, 390). Other element would receive the click: &lt;div class=&quot;row mt-5 mb-5&quot;&gt;...&lt;/div&gt;
  (Session info: chrome=106.0.5249.121)
Build info: version: &#039;4.2.1&#039;, revision: &#039;ac4d0fdd4a&#039;
System info: host: &#039;LAPTOP-V7EREVV8&#039;, ip: &#039;192.168.29.221&#039;, os.name: &#039;Windows 11&#039;, os.arch: &#039;amd64&#039;, os.version: &#039;10.0&#039;, java.version: &#039;18.0.1&#039;
Driver info: org.openqa.selenium.chrome.ChromeDriver
Command: [62497a545a4b39acac70452ce8b861af, clickElement {id=dcc24a40-8408-431d-b1da-58d3f8550565}]
Capabilities {acceptInsecureCerts: false, browserName: chrome, browserVersion: 106.0.5249.121, chrome: {chromedriverVersion: 106.0.5249.61 (511755355844..., userDataDir: C:\Users\shrut\AppData\Loca...}, goog:chromeOptions: {debuggerAddress: localhost:54489}, networkConnectionEnabled: false, pageLoadStrategy: normal, platformName: WINDOWS, proxy: Proxy(), se:cdp: ws://localhost:54489/devtoo..., se:cdpVersion: 106.0.5249.121, setWindowRect: true, strictFileInteractability: false, timeouts: {implicit: 0, pageLoad: 300000, script: 30000}, unhandledPromptBehavior: dismiss and notify, webauthn:extension:credBlob: true, webauthn:extension:largeBlob: true, webauthn:virtualAuthenticators: true}
Element: [[ChromeDriver: chrome on WINDOWS (62497a545a4b39acac70452ce8b861af)] -&gt; xpath: /html/body/div[4]/div/div[2]/div[2]/div/form/div[2]/div[2]/div[1]/label]
Session ID: 62497a545a4b39acac70452ce8b861af" type="org.openqa.selenium.ElementClickInterceptedException">
      <![CDATA[org.openqa.selenium.ElementClickInterceptedException: element click intercepted: Element <label for="rememberchb">...</label> is not clickable at point (425, 390). Other element would receive the click: <div class="row mt-5 mb-5">...</div>
  (Session info: chrome=106.0.5249.121)
Build info: version: '4.2.1', revision: 'ac4d0fdd4a'
System info: host: 'LAPTOP-V7EREVV8', ip: '192.168.29.221', os.name: 'Windows 11', os.arch: 'amd64', os.version: '10.0', java.version: '18.0.1'
Driver info: org.openqa.selenium.chrome.ChromeDriver
Command: [62497a545a4b39acac70452ce8b861af, clickElement {id=dcc24a40-8408-431d-b1da-58d3f8550565}]
Capabilities {acceptInsecureCerts: false, browserName: chrome, browserVersion: 106.0.5249.121, chrome: {chromedriverVersion: 106.0.5249.61 (511755355844..., userDataDir: C:\Users\shrut\AppData\Loca...}, goog:chromeOptions: {debuggerAddress: localhost:54489}, networkConnectionEnabled: false, pageLoadStrategy: normal, platformName: WINDOWS, proxy: Proxy(), se:cdp: ws://localhost:54489/devtoo..., se:cdpVersion: 106.0.5249.121, setWindowRect: true, strictFileInteractability: false, timeouts: {implicit: 0, pageLoad: 300000, script: 30000}, unhandledPromptBehavior: dismiss and notify, webauthn:extension:credBlob: true, webauthn:extension:largeBlob: true, webauthn:virtualAuthenticators: true}
Element: [[ChromeDriver: chrome on WINDOWS (62497a545a4b39acac70452ce8b861af)] -> xpath: /html/body/div[4]/div/div[2]/div[2]/div/form/div[2]/div[2]/div[1]/label]
Session ID: 62497a545a4b39acac70452ce8b861af
at java.base/jdk.internal.reflect.DirectConstructorHandleAccessor.newInstance(DirectConstructorHandleAccessor.java:67)
at java.base/java.lang.reflect.Constructor.newInstanceWithCaller(Constructor.java:499)
at java.base/java.lang.reflect.Constructor.newInstance(Constructor.java:483)
at org.openqa.selenium.remote.codec.w3c.W3CHttpResponseCodec.createException(W3CHttpResponseCodec.java:200)
at org.openqa.selenium.remote.codec.w3c.W3CHttpResponseCodec.decode(W3CHttpResponseCodec.java:133)
at org.openqa.selenium.remote.codec.w3c.W3CHttpResponseCodec.decode(W3CHttpResponseCodec.java:53)
at org.openqa.selenium.remote.HttpCommandExecutor.execute(HttpCommandExecutor.java:184)
at org.openqa.selenium.remote.service.DriverCommandExecutor.invokeExecute(DriverCommandExecutor.java:167)
at org.openqa.selenium.remote.service.DriverCommandExecutor.execute(DriverCommandExecutor.java:142)
at org.openqa.selenium.remote.RemoteWebDriver.execute(RemoteWebDriver.java:551)
at org.openqa.selenium.remote.RemoteWebElement.execute(RemoteWebElement.java:257)
at org.openqa.selenium.remote.RemoteWebElement.click(RemoteWebElement.java:78)
at java.base/jdk.internal.reflect.DirectMethodHandleAccessor.invoke(DirectMethodHandleAccessor.java:104)
at java.base/java.lang.reflect.Method.invoke(Method.java:577)
at org.openqa.selenium.support.pagefactory.internal.LocatingElementHandler.invoke(LocatingElementHandler.java:52)
at jdk.proxy2/jdk.proxy2.$Proxy16.click(Unknown Source)
at com.tcs.pages.AgentLoginPage.clickRememberMeCheckbox(AgentLoginPage.java:41)
at com.tcs.tests.PHPTravelsTestCases_Agent.verifyRememberMeCheckbox(PHPTravelsTestCases_Agent.java:130)
at java.base/jdk.internal.reflect.DirectMethodHandleAccessor.invoke(DirectMethodHandleAccessor.java:104)
at java.base/java.lang.reflect.Method.invoke(Method.java:577)
at org.testng.internal.MethodInvocationHelper.invokeMethod(MethodInvocationHelper.java:133)
at org.testng.internal.TestInvoker.invokeMethod(TestInvoker.java:598)
at org.testng.internal.TestInvoker.invokeTestMethod(TestInvoker.java:173)
at org.testng.internal.MethodRunner.runInSequence(MethodRunner.java:46)
at org.testng.internal.TestInvoker$MethodInvocationAgent.invoke(TestInvoker.java:824)
at org.testng.internal.TestInvoker.invokeTestMethods(TestInvoker.java:146)
at org.testng.internal.TestMethodWorker.invokeTestMethods(TestMethodWorker.java:146)
at org.testng.internal.TestMethodWorker.run(TestMethodWorker.java:128)
at java.base/java.util.ArrayList.forEach(ArrayList.java:1511)
at org.testng.TestRunner.privateRun(TestRunner.java:794)
at org.testng.TestRunner.run(TestRunner.java:596)
at org.testng.SuiteRunner.runTest(SuiteRunner.java:377)
at org.testng.SuiteRunner.runSequentially(SuiteRunner.java:371)
at org.testng.SuiteRunner.privateRun(SuiteRunner.java:332)
at org.testng.SuiteRunner.run(SuiteRunner.java:276)
at org.testng.SuiteRunnerWorker.runSuite(SuiteRunnerWorker.java:53)
at org.testng.SuiteRunnerWorker.run(SuiteRunnerWorker.java:96)
at org.testng.TestNG.runSuitesSequentially(TestNG.java:1212)
at org.testng.TestNG.runSuitesLocally(TestNG.java:1134)
at org.testng.TestNG.runSuites(TestNG.java:1063)
at org.testng.TestNG.run(TestNG.java:1031)
at org.testng.remote.AbstractRemoteTestNG.run(AbstractRemoteTestNG.java:115)
at org.testng.remote.RemoteTestNG.initAndRun(RemoteTestNG.java:251)
at org.testng.remote.RemoteTestNG.main(RemoteTestNG.java:77)
]]>
    </error>
  </testcase> <!-- verifyRememberMeCheckbox -->
  <system-out/>
  <testcase classname="com.tcs.tests.PHPTravelsTestCases_Agent" name="verifyHotel" time="22.253"/>
  <system-out/>
  <testcase classname="com.tcs.tests.PHPTravelsTestCases_Agent" name="verifyLoginWithValidEmailAndValidPassword" time="5.530"/>
  <system-out/>
  <testcase classname="com.tcs.tests.PHPTravelsTestCases_Agent" name="verifyMyBookings" time="7.851"/>
  <system-out/>
  <testcase classname="com.tcs.tests.PHPTravelsTestCases_Agent" name="verifyMyProfile" time="8.357"/>
  <system-out/>
  <testcase classname="com.tcs.tests.PHPTravelsTestCases_Agent" name="verifyAddFunds" time="7.860"/>
  <system-out/>
  <testcase classname="com.tcs.tests.PHPTravelsTestCases_Agent" name="verifyLogout" time="8.304"/>
  <system-out/>
  <testcase classname="com.tcs.tests.PHPTravelsTestCases_Agent" name="verifyFlights" time="6.670"/>
  <system-out/>
  <testcase classname="com.tcs.tests.PHPTravelsTestCases_Agent" name="verifyVisa" time="7.121"/>
  <system-out/>
  <testcase classname="com.tcs.tests.PHPTravelsTestCases_Agent" name="verifyBlog" time="6.936"/>
  <system-out/>
  <testcase classname="com.tcs.tests.PHPTravelsTestCases_Agent" name="verifyOffers" time="7.067"/>
  <system-out/>
  <testcase classname="com.tcs.tests.PHPTravelsTestCases_Agent" name="verifyCurrency" time="10.622"/>
  <system-out/>
</testsuite> <!-- com.tcs.tests.PHPTravelsTestCases_Agent -->
